2025-08-13 12:44:24,640 - glyphmind.evolution - INFO - Background learning loop started
2025-08-13 12:44:24,641 - glyphmind.evolution - INFO - Starting learning session for topic: ai_technology
2025-08-13 12:44:24,641 - glyphmind.evolution - INFO - Starting learning session for topic: programming
2025-08-13 12:44:24,641 - glyphmind.evolution - INFO - Starting learning session for topic: technology_trends
2025-08-13 12:44:24,641 - glyphmind.evolution - INFO - Starting learning session for topic: current_events
2025-08-13 12:44:31,741 - glyphmind.evolution - INFO - Completed learning session for current_events | Learning Data: {"topic": "current_events", "keywords_searched": 3, "results_found": 15, "knowledge_stored": 15, "duration_seconds": 7.099764, "errors": 0}
2025-08-13 12:44:32,308 - glyphmind.evolution - INFO - Completed learning session for ai_technology | Learning Data: {"topic": "ai_technology", "keywords_searched": 4, "results_found": 20, "knowledge_stored": 20, "duration_seconds": 7.667349, "errors": 0}
2025-08-13 12:44:33,600 - glyphmind.evolution - INFO - Completed learning session for technology_trends | Learning Data: {"topic": "technology_trends", "keywords_searched": 4, "results_found": 20, "knowledge_stored": 20, "duration_seconds": 8.95876, "errors": 0}
2025-08-13 12:44:34,254 - glyphmind.evolution - INFO - Completed learning session for programming | Learning Data: {"topic": "programming", "keywords_searched": 4, "results_found": 20, "knowledge_stored": 20, "duration_seconds": 9.612667, "errors": 0}
2025-08-13 12:45:54,980 - glyphmind.evolution - INFO - Background learning loop started
2025-08-13 12:45:54,982 - glyphmind.evolution - INFO - Starting learning session for topic: ai_technology
2025-08-13 12:45:54,982 - glyphmind.evolution - INFO - Starting learning session for topic: programming
2025-08-13 12:45:54,982 - glyphmind.evolution - INFO - Starting learning session for topic: technology_trends
2025-08-13 12:45:54,982 - glyphmind.evolution - INFO - Starting learning session for topic: current_events
2025-08-13 12:46:01,968 - glyphmind.evolution - INFO - Completed learning session for current_events | Learning Data: {"topic": "current_events", "keywords_searched": 3, "results_found": 15, "knowledge_stored": 15, "duration_seconds": 6.985888, "errors": 0}
2025-08-13 12:46:02,668 - glyphmind.evolution - INFO - Completed learning session for ai_technology | Learning Data: {"topic": "ai_technology", "keywords_searched": 4, "results_found": 20, "knowledge_stored": 20, "duration_seconds": 7.685974, "errors": 0}
2025-08-13 12:46:03,606 - glyphmind.evolution - INFO - Completed learning session for programming | Learning Data: {"topic": "programming", "keywords_searched": 4, "results_found": 20, "knowledge_stored": 20, "duration_seconds": 8.624049, "errors": 0}
2025-08-13 12:46:03,638 - glyphmind.evolution - INFO - Completed learning session for technology_trends | Learning Data: {"topic": "technology_trends", "keywords_searched": 4, "results_found": 20, "knowledge_stored": 20, "duration_seconds": 8.655699, "errors": 0}
2025-08-13 12:49:15,895 - glyphmind.evolution - INFO - Background learning loop ended
2025-08-13 12:49:16,984 - glyphmind.evolution - INFO - Background learning loop started
2025-08-13 12:49:16,985 - glyphmind.evolution - INFO - Starting learning session for topic: ai_technology
2025-08-13 12:49:16,985 - glyphmind.evolution - INFO - Starting learning session for topic: programming
2025-08-13 12:49:16,985 - glyphmind.evolution - INFO - Starting learning session for topic: technology_trends
2025-08-13 12:49:16,985 - glyphmind.evolution - INFO - Starting learning session for topic: current_events
2025-08-13 12:49:24,857 - glyphmind.evolution - INFO - Completed learning session for ai_technology | Learning Data: {"topic": "ai_technology", "keywords_searched": 4, "results_found": 20, "knowledge_stored": 20, "duration_seconds": 7.872256, "errors": 0}
2025-08-13 12:49:25,098 - glyphmind.evolution - INFO - Completed learning session for current_events | Learning Data: {"topic": "current_events", "keywords_searched": 3, "results_found": 15, "knowledge_stored": 15, "duration_seconds": 8.112814, "errors": 0}
2025-08-13 12:49:25,807 - glyphmind.evolution - INFO - Completed learning session for programming | Learning Data: {"topic": "programming", "keywords_searched": 4, "results_found": 20, "knowledge_stored": 20, "duration_seconds": 8.822379, "errors": 0}
2025-08-13 12:49:26,074 - glyphmind.evolution - INFO - Completed learning session for technology_trends | Learning Data: {"topic": "technology_trends", "keywords_searched": 4, "results_found": 20, "knowledge_stored": 20, "duration_seconds": 9.088615, "errors": 0}
2025-08-13 12:49:29,318 - glyphmind.evolution - INFO - Background learning loop ended
2025-08-13 12:49:30,378 - glyphmind.evolution - INFO - Background learning loop started
2025-08-13 12:49:30,379 - glyphmind.evolution - INFO - Starting learning session for topic: ai_technology
2025-08-13 12:49:30,380 - glyphmind.evolution - INFO - Starting learning session for topic: programming
2025-08-13 12:49:30,380 - glyphmind.evolution - INFO - Starting learning session for topic: technology_trends
2025-08-13 12:49:30,380 - glyphmind.evolution - INFO - Starting learning session for topic: current_events
2025-08-13 12:49:37,231 - glyphmind.evolution - INFO - Completed learning session for current_events | Learning Data: {"topic": "current_events", "keywords_searched": 3, "results_found": 15, "knowledge_stored": 15, "duration_seconds": 6.851073, "errors": 0}
2025-08-13 12:49:37,992 - glyphmind.evolution - INFO - Completed learning session for ai_technology | Learning Data: {"topic": "ai_technology", "keywords_searched": 4, "results_found": 20, "knowledge_stored": 20, "duration_seconds": 7.613011, "errors": 0}
2025-08-13 12:49:38,990 - glyphmind.evolution - INFO - Completed learning session for technology_trends | Learning Data: {"topic": "technology_trends", "keywords_searched": 4, "results_found": 20, "knowledge_stored": 20, "duration_seconds": 8.610159, "errors": 0}
2025-08-13 12:49:39,032 - glyphmind.evolution - INFO - Completed learning session for programming | Learning Data: {"topic": "programming", "keywords_searched": 4, "results_found": 20, "knowledge_stored": 20, "duration_seconds": 8.652477, "errors": 0}
2025-08-13 12:49:57,763 - glyphmind.evolution - INFO - Background learning loop ended
2025-08-13 12:49:59,063 - glyphmind.evolution - INFO - Background learning loop started
2025-08-13 12:49:59,065 - glyphmind.evolution - INFO - Starting learning session for topic: ai_technology
2025-08-13 12:49:59,065 - glyphmind.evolution - INFO - Starting learning session for topic: programming
2025-08-13 12:49:59,065 - glyphmind.evolution - INFO - Starting learning session for topic: technology_trends
2025-08-13 12:49:59,065 - glyphmind.evolution - INFO - Starting learning session for topic: current_events
2025-08-13 12:50:05,903 - glyphmind.evolution - INFO - Completed learning session for current_events | Learning Data: {"topic": "current_events", "keywords_searched": 3, "results_found": 15, "knowledge_stored": 15, "duration_seconds": 6.837603, "errors": 0}
2025-08-13 12:50:06,660 - glyphmind.evolution - INFO - Completed learning session for ai_technology | Learning Data: {"topic": "ai_technology", "keywords_searched": 4, "results_found": 20, "knowledge_stored": 20, "duration_seconds": 7.595484, "errors": 0}
2025-08-13 12:50:07,664 - glyphmind.evolution - INFO - Completed learning session for programming | Learning Data: {"topic": "programming", "keywords_searched": 4, "results_found": 20, "knowledge_stored": 20, "duration_seconds": 8.598828, "errors": 0}
2025-08-13 12:50:07,672 - glyphmind.evolution - INFO - Completed learning session for technology_trends | Learning Data: {"topic": "technology_trends", "keywords_searched": 4, "results_found": 20, "knowledge_stored": 20, "duration_seconds": 8.607247, "errors": 0}
2025-08-13 12:50:13,085 - glyphmind.evolution - INFO - Background learning loop ended
2025-08-13 12:50:14,187 - glyphmind.evolution - INFO - Background learning loop started
2025-08-13 12:50:14,188 - glyphmind.evolution - INFO - Starting learning session for topic: ai_technology
2025-08-13 12:50:14,188 - glyphmind.evolution - INFO - Starting learning session for topic: programming
2025-08-13 12:50:14,189 - glyphmind.evolution - INFO - Starting learning session for topic: technology_trends
2025-08-13 12:50:14,189 - glyphmind.evolution - INFO - Starting learning session for topic: current_events
2025-08-13 12:50:21,019 - glyphmind.evolution - INFO - Completed learning session for current_events | Learning Data: {"topic": "current_events", "keywords_searched": 3, "results_found": 15, "knowledge_stored": 15, "duration_seconds": 6.830577, "errors": 0}
2025-08-13 12:50:21,779 - glyphmind.evolution - INFO - Completed learning session for ai_technology | Learning Data: {"topic": "ai_technology", "keywords_searched": 4, "results_found": 20, "knowledge_stored": 20, "duration_seconds": 7.590693, "errors": 0}
2025-08-13 12:50:22,340 - glyphmind.evolution - INFO - Background learning loop ended
2025-08-13 12:50:23,451 - glyphmind.evolution - INFO - Background learning loop started
2025-08-13 12:50:23,452 - glyphmind.evolution - INFO - Starting learning session for topic: ai_technology
2025-08-13 12:50:23,452 - glyphmind.evolution - INFO - Starting learning session for topic: programming
2025-08-13 12:50:23,452 - glyphmind.evolution - INFO - Starting learning session for topic: technology_trends
2025-08-13 12:50:23,452 - glyphmind.evolution - INFO - Starting learning session for topic: current_events
2025-08-13 12:50:30,339 - glyphmind.evolution - INFO - Completed learning session for current_events | Learning Data: {"topic": "current_events", "keywords_searched": 3, "results_found": 15, "knowledge_stored": 15, "duration_seconds": 6.886543, "errors": 0}
2025-08-13 12:50:31,144 - glyphmind.evolution - INFO - Completed learning session for ai_technology | Learning Data: {"topic": "ai_technology", "keywords_searched": 4, "results_found": 20, "knowledge_stored": 20, "duration_seconds": 7.69157, "errors": 0}
2025-08-13 12:50:32,128 - glyphmind.evolution - INFO - Completed learning session for programming | Learning Data: {"topic": "programming", "keywords_searched": 4, "results_found": 20, "knowledge_stored": 20, "duration_seconds": 8.675636, "errors": 0}
2025-08-13 12:50:32,212 - glyphmind.evolution - INFO - Completed learning session for technology_trends | Learning Data: {"topic": "technology_trends", "keywords_searched": 4, "results_found": 20, "knowledge_stored": 20, "duration_seconds": 8.759291, "errors": 0}
2025-08-13 12:50:33,891 - glyphmind.evolution - INFO - Background learning loop ended
2025-08-13 12:50:35,039 - glyphmind.evolution - INFO - Background learning loop started
2025-08-13 12:50:35,040 - glyphmind.evolution - INFO - Starting learning session for topic: ai_technology
2025-08-13 12:50:35,040 - glyphmind.evolution - INFO - Starting learning session for topic: programming
2025-08-13 12:50:35,040 - glyphmind.evolution - INFO - Starting learning session for topic: technology_trends
2025-08-13 12:50:35,040 - glyphmind.evolution - INFO - Starting learning session for topic: current_events
2025-08-13 12:50:42,620 - glyphmind.evolution - INFO - Completed learning session for ai_technology | Learning Data: {"topic": "ai_technology", "keywords_searched": 4, "results_found": 20, "knowledge_stored": 20, "duration_seconds": 7.579909, "errors": 0}
2025-08-13 12:50:42,887 - glyphmind.evolution - INFO - Completed learning session for current_events | Learning Data: {"topic": "current_events", "keywords_searched": 3, "results_found": 15, "knowledge_stored": 15, "duration_seconds": 7.847158, "errors": 0}
2025-08-13 12:50:43,634 - glyphmind.evolution - INFO - Completed learning session for programming | Learning Data: {"topic": "programming", "keywords_searched": 4, "results_found": 20, "knowledge_stored": 20, "duration_seconds": 8.594308, "errors": 0}
2025-08-13 12:50:43,748 - glyphmind.evolution - INFO - Completed learning session for technology_trends | Learning Data: {"topic": "technology_trends", "keywords_searched": 4, "results_found": 20, "knowledge_stored": 20, "duration_seconds": 8.707743, "errors": 0}
2025-08-13 12:50:44,107 - glyphmind.evolution - INFO - Background learning loop ended
2025-08-13 12:50:45,184 - glyphmind.evolution - INFO - Background learning loop started
2025-08-13 12:50:45,184 - glyphmind.evolution - INFO - Starting learning session for topic: ai_technology
2025-08-13 12:50:45,185 - glyphmind.evolution - INFO - Starting learning session for topic: programming
2025-08-13 12:50:45,185 - glyphmind.evolution - INFO - Starting learning session for topic: technology_trends
2025-08-13 12:50:45,185 - glyphmind.evolution - INFO - Starting learning session for topic: current_events
2025-08-13 12:50:52,028 - glyphmind.evolution - INFO - Completed learning session for current_events | Learning Data: {"topic": "current_events", "keywords_searched": 3, "results_found": 15, "knowledge_stored": 15, "duration_seconds": 6.843092, "errors": 0}
2025-08-13 12:50:53,749 - glyphmind.evolution - INFO - Completed learning session for technology_trends | Learning Data: {"topic": "technology_trends", "keywords_searched": 4, "results_found": 20, "knowledge_stored": 20, "duration_seconds": 8.56402, "errors": 0}
2025-08-13 12:50:53,787 - glyphmind.evolution - INFO - Completed learning session for ai_technology | Learning Data: {"topic": "ai_technology", "keywords_searched": 4, "results_found": 20, "knowledge_stored": 20, "duration_seconds": 8.602866, "errors": 0}
2025-08-13 12:50:54,771 - glyphmind.evolution - INFO - Completed learning session for programming | Learning Data: {"topic": "programming", "keywords_searched": 4, "results_found": 20, "knowledge_stored": 20, "duration_seconds": 9.586688, "errors": 0}
2025-08-13 12:50:57,626 - glyphmind.evolution - INFO - Background learning loop ended
2025-08-13 12:50:58,778 - glyphmind.evolution - INFO - Background learning loop started
2025-08-13 12:50:58,779 - glyphmind.evolution - INFO - Starting learning session for topic: ai_technology
2025-08-13 12:50:58,779 - glyphmind.evolution - INFO - Starting learning session for topic: programming
2025-08-13 12:50:58,780 - glyphmind.evolution - INFO - Starting learning session for topic: technology_trends
2025-08-13 12:50:58,780 - glyphmind.evolution - INFO - Starting learning session for topic: current_events
2025-08-13 12:51:05,419 - glyphmind.evolution - INFO - Background learning loop ended
2025-08-13 12:51:06,440 - glyphmind.evolution - INFO - Background learning loop started
2025-08-13 12:51:06,441 - glyphmind.evolution - INFO - Starting learning session for topic: ai_technology
2025-08-13 12:51:06,441 - glyphmind.evolution - INFO - Starting learning session for topic: programming
2025-08-13 12:51:06,441 - glyphmind.evolution - INFO - Starting learning session for topic: technology_trends
2025-08-13 12:51:06,441 - glyphmind.evolution - INFO - Starting learning session for topic: current_events
2025-08-13 12:51:13,563 - glyphmind.evolution - INFO - Completed learning session for current_events | Learning Data: {"topic": "current_events", "keywords_searched": 3, "results_found": 15, "knowledge_stored": 15, "duration_seconds": 7.122133, "errors": 0}
2025-08-13 12:51:13,744 - glyphmind.evolution - INFO - Background learning loop ended
2025-08-13 12:51:14,806 - glyphmind.evolution - INFO - Background learning loop started
2025-08-13 12:51:14,807 - glyphmind.evolution - INFO - Starting learning session for topic: ai_technology
2025-08-13 12:51:14,808 - glyphmind.evolution - INFO - Starting learning session for topic: programming
2025-08-13 12:51:14,808 - glyphmind.evolution - INFO - Starting learning session for topic: technology_trends
2025-08-13 12:51:14,808 - glyphmind.evolution - INFO - Starting learning session for topic: current_events
2025-08-13 12:51:21,198 - glyphmind.evolution - INFO - Completed learning session for current_events | Learning Data: {"topic": "current_events", "keywords_searched": 3, "results_found": 0, "knowledge_stored": 0, "duration_seconds": 6.390128, "errors": 0}
2025-08-13 12:51:22,205 - glyphmind.evolution - INFO - Completed learning session for ai_technology | Learning Data: {"topic": "ai_technology", "keywords_searched": 4, "results_found": 5, "knowledge_stored": 5, "duration_seconds": 7.398051, "errors": 0}
2025-08-13 12:51:23,207 - glyphmind.evolution - INFO - Completed learning session for technology_trends | Learning Data: {"topic": "technology_trends", "keywords_searched": 4, "results_found": 0, "knowledge_stored": 0, "duration_seconds": 8.398929, "errors": 0}
2025-08-13 12:51:23,222 - glyphmind.evolution - INFO - Completed learning session for programming | Learning Data: {"topic": "programming", "keywords_searched": 4, "results_found": 0, "knowledge_stored": 0, "duration_seconds": 8.414334, "errors": 0}
2025-08-13 12:51:49,937 - glyphmind.evolution - INFO - Background learning loop started
2025-08-13 12:51:49,938 - glyphmind.evolution - INFO - Starting learning session for topic: ai_technology
2025-08-13 12:51:49,938 - glyphmind.evolution - INFO - Starting learning session for topic: programming
2025-08-13 12:51:49,938 - glyphmind.evolution - INFO - Starting learning session for topic: technology_trends
2025-08-13 12:51:49,938 - glyphmind.evolution - INFO - Starting learning session for topic: current_events
2025-08-13 12:51:56,317 - glyphmind.evolution - INFO - Completed learning session for current_events | Learning Data: {"topic": "current_events", "keywords_searched": 3, "results_found": 0, "knowledge_stored": 0, "duration_seconds": 6.378774, "errors": 0}
2025-08-13 12:51:57,434 - glyphmind.evolution - INFO - Completed learning session for ai_technology | Learning Data: {"topic": "ai_technology", "keywords_searched": 4, "results_found": 0, "knowledge_stored": 0, "duration_seconds": 7.496293, "errors": 0}
2025-08-13 12:51:58,336 - glyphmind.evolution - INFO - Completed learning session for technology_trends | Learning Data: {"topic": "technology_trends", "keywords_searched": 4, "results_found": 0, "knowledge_stored": 0, "duration_seconds": 8.397642, "errors": 0}
2025-08-13 12:51:58,346 - glyphmind.evolution - INFO - Completed learning session for programming | Learning Data: {"topic": "programming", "keywords_searched": 4, "results_found": 0, "knowledge_stored": 0, "duration_seconds": 8.408033, "errors": 0}
2025-08-13 12:52:11,365 - glyphmind.evolution - INFO - Learned from user interaction | Learning Data: {"query_length": 19, "extracted_topics": [], "has_feedback": false}
2025-08-13 12:52:59,106 - glyphmind.evolution - INFO - Background learning loop started
2025-08-13 12:52:59,107 - glyphmind.evolution - INFO - Starting learning session for topic: ai_technology
2025-08-13 12:52:59,107 - glyphmind.evolution - INFO - Starting learning session for topic: programming
2025-08-13 12:52:59,107 - glyphmind.evolution - INFO - Starting learning session for topic: technology_trends
2025-08-13 12:52:59,107 - glyphmind.evolution - INFO - Starting learning session for topic: current_events
2025-08-13 12:53:05,496 - glyphmind.evolution - INFO - Completed learning session for current_events | Learning Data: {"topic": "current_events", "keywords_searched": 3, "results_found": 0, "knowledge_stored": 0, "duration_seconds": 6.389062, "errors": 0}
2025-08-13 12:53:06,589 - glyphmind.evolution - INFO - Completed learning session for ai_technology | Learning Data: {"topic": "ai_technology", "keywords_searched": 4, "results_found": 0, "knowledge_stored": 0, "duration_seconds": 7.482448, "errors": 0}
2025-08-13 12:53:07,696 - glyphmind.evolution - INFO - Completed learning session for programming | Learning Data: {"topic": "programming", "keywords_searched": 4, "results_found": 0, "knowledge_stored": 0, "duration_seconds": 8.588675, "errors": 0}
2025-08-13 12:53:07,696 - glyphmind.evolution - INFO - Completed learning session for technology_trends | Learning Data: {"topic": "technology_trends", "keywords_searched": 4, "results_found": 0, "knowledge_stored": 0, "duration_seconds": 8.588761, "errors": 0}
2025-08-13 12:53:16,948 - glyphmind.evolution - INFO - Background learning loop started
2025-08-13 12:53:16,949 - glyphmind.evolution - INFO - Starting learning session for topic: ai_technology
2025-08-13 12:53:16,949 - glyphmind.evolution - INFO - Starting learning session for topic: programming
2025-08-13 12:53:16,949 - glyphmind.evolution - INFO - Starting learning session for topic: technology_trends
2025-08-13 12:53:16,949 - glyphmind.evolution - INFO - Starting learning session for topic: current_events
2025-08-13 12:53:23,611 - glyphmind.evolution - INFO - Completed learning session for current_events | Learning Data: {"topic": "current_events", "keywords_searched": 3, "results_found": 0, "knowledge_stored": 0, "duration_seconds": 6.662208, "errors": 0}
2025-08-13 12:53:24,410 - glyphmind.evolution - INFO - Completed learning session for ai_technology | Learning Data: {"topic": "ai_technology", "keywords_searched": 4, "results_found": 0, "knowledge_stored": 0, "duration_seconds": 7.461266, "errors": 0}
2025-08-13 12:53:25,380 - glyphmind.evolution - INFO - Completed learning session for technology_trends | Learning Data: {"topic": "technology_trends", "keywords_searched": 4, "results_found": 0, "knowledge_stored": 0, "duration_seconds": 8.431013, "errors": 0}
2025-08-13 12:53:25,380 - glyphmind.evolution - INFO - Completed learning session for programming | Learning Data: {"topic": "programming", "keywords_searched": 4, "results_found": 0, "knowledge_stored": 0, "duration_seconds": 8.431216, "errors": 0}
2025-08-13 12:53:35,524 - glyphmind.evolution - INFO - Learned from user interaction | Learning Data: {"query_length": 2, "extracted_topics": [], "has_feedback": false}
2025-08-13 12:53:49,447 - glyphmind.evolution - INFO - Learned from user interaction | Learning Data: {"query_length": 36, "extracted_topics": ["ai_technology", "current_events"], "has_feedback": false}
2025-08-13 12:54:02,986 - glyphmind.evolution - INFO - Learned from user interaction | Learning Data: {"query_length": 41, "extracted_topics": ["ai_technology"], "has_feedback": false}
2025-08-13 12:54:09,882 - glyphmind.evolution - INFO - Learned from user interaction | Learning Data: {"query_length": 54, "extracted_topics": ["mathematics"], "has_feedback": false}
