2025-08-13 12:44:25,187 - glyphmind.search - INFO - Search executed | {"query": "artificial intelligence", "source": "google,youtube,reddit", "results_count": 5, "execution_time_ms": 546.43, "timestamp": "2025-08-13T12:44:25.187711"}
2025-08-13 12:44:26,156 - glyphmind.search - INFO - Search executed | {"query": "world news", "source": "google,youtube,reddit", "results_count": 5, "execution_time_ms": 1514.93, "timestamp": "2025-08-13T12:44:26.156378"}
2025-08-13 12:44:26,447 - glyphmind.search - INFO - Search executed | {"query": "technology trends", "source": "google,youtube,reddit", "results_count": 5, "execution_time_ms": 1806.07, "timestamp": "2025-08-13T12:44:26.447475"}
2025-08-13 12:44:26,570 - glyphmind.search - INFO - Search executed | {"query": "programming languages", "source": "google,youtube,reddit", "results_count": 5, "execution_time_ms": 1929.21, "timestamp": "2025-08-13T12:44:26.570559"}
2025-08-13 12:44:27,499 - glyphmind.search - INFO - Search executed | {"query": "machine learning", "source": "google,youtube,reddit", "results_count": 5, "execution_time_ms": 1262.59, "timestamp": "2025-08-13T12:44:27.499249"}
2025-08-13 12:44:28,527 - glyphmind.search - INFO - Search executed | {"query": "tech news", "source": "google,youtube,reddit", "results_count": 5, "execution_time_ms": 1041.86, "timestamp": "2025-08-13T12:44:28.527671"}
2025-08-13 12:44:28,579 - glyphmind.search - INFO - Search executed | {"query": "current events", "source": "google,youtube,reddit", "results_count": 5, "execution_time_ms": 1375.44, "timestamp": "2025-08-13T12:44:28.579005"}
2025-08-13 12:44:29,176 - glyphmind.search - INFO - Search executed | {"query": "neural networks", "source": "google,youtube,reddit", "results_count": 5, "execution_time_ms": 637.57, "timestamp": "2025-08-13T12:44:29.176962"}
2025-08-13 12:44:29,540 - glyphmind.search - INFO - Search executed | {"query": "software development", "source": "google,youtube,reddit", "results_count": 5, "execution_time_ms": 1795.59, "timestamp": "2025-08-13T12:44:29.540777"}
2025-08-13 12:44:30,197 - glyphmind.search - INFO - Search executed | {"query": "innovation", "source": "google,youtube,reddit", "results_count": 5, "execution_time_ms": 633.84, "timestamp": "2025-08-13T12:44:30.197703"}
2025-08-13 12:44:30,700 - glyphmind.search - INFO - Search executed | {"query": "global developments", "source": "google,youtube,reddit", "results_count": 5, "execution_time_ms": 1087.93, "timestamp": "2025-08-13T12:44:30.700174"}
2025-08-13 12:44:31,218 - glyphmind.search - INFO - Search executed | {"query": "coding best practices", "source": "google,youtube,reddit", "results_count": 5, "execution_time_ms": 641.82, "timestamp": "2025-08-13T12:44:31.218850"}
2025-08-13 12:44:31,249 - glyphmind.search - INFO - Search executed | {"query": "AI news", "source": "google,youtube,reddit", "results_count": 5, "execution_time_ms": 1034.89, "timestamp": "2025-08-13T12:44:31.249417"}
2025-08-13 12:44:32,551 - glyphmind.search - INFO - Search executed | {"query": "startups", "source": "google,youtube,reddit", "results_count": 5, "execution_time_ms": 1313.16, "timestamp": "2025-08-13T12:44:32.551086"}
2025-08-13 12:44:33,202 - glyphmind.search - INFO - Search executed | {"query": "new frameworks", "source": "google,youtube,reddit", "results_count": 5, "execution_time_ms": 925.19, "timestamp": "2025-08-13T12:44:33.201915"}
2025-08-13 12:45:55,720 - glyphmind.search - INFO - Search executed | {"query": "artificial intelligence", "source": "google,youtube,reddit", "results_count": 5, "execution_time_ms": 738.08, "timestamp": "2025-08-13T12:45:55.720543"}
2025-08-13 12:45:56,434 - glyphmind.search - INFO - Search executed | {"query": "world news", "source": "google,youtube,reddit", "results_count": 5, "execution_time_ms": 1451.85, "timestamp": "2025-08-13T12:45:56.434568"}
2025-08-13 12:45:56,696 - glyphmind.search - INFO - Search executed | {"query": "technology trends", "source": "google,youtube,reddit", "results_count": 5, "execution_time_ms": 1713.66, "timestamp": "2025-08-13T12:45:56.696243"}
2025-08-13 12:45:56,722 - glyphmind.search - INFO - Search executed | {"query": "programming languages", "source": "google,youtube,reddit", "results_count": 5, "execution_time_ms": 1740.03, "timestamp": "2025-08-13T12:45:56.722560"}
2025-08-13 12:45:57,767 - glyphmind.search - INFO - Search executed | {"query": "machine learning", "source": "google,youtube,reddit", "results_count": 5, "execution_time_ms": 1008.98, "timestamp": "2025-08-13T12:45:57.767272"}
2025-08-13 12:45:58,685 - glyphmind.search - INFO - Search executed | {"query": "software development", "source": "google,youtube,reddit", "results_count": 5, "execution_time_ms": 897.35, "timestamp": "2025-08-13T12:45:58.685883"}
2025-08-13 12:45:58,725 - glyphmind.search - INFO - Search executed | {"query": "current events", "source": "google,youtube,reddit", "results_count": 5, "execution_time_ms": 1238.47, "timestamp": "2025-08-13T12:45:58.724974"}
2025-08-13 12:45:58,725 - glyphmind.search - INFO - Search executed | {"query": "tech news", "source": "google,youtube,reddit", "results_count": 5, "execution_time_ms": 982.58, "timestamp": "2025-08-13T12:45:58.725585"}
2025-08-13 12:45:59,508 - glyphmind.search - INFO - Search executed | {"query": "neural networks", "source": "google,youtube,reddit", "results_count": 5, "execution_time_ms": 694.48, "timestamp": "2025-08-13T12:45:59.508459"}
2025-08-13 12:46:00,601 - glyphmind.search - INFO - Search executed | {"query": "coding best practices", "source": "google,youtube,reddit", "results_count": 5, "execution_time_ms": 867.1, "timestamp": "2025-08-13T12:46:00.601372"}
2025-08-13 12:46:00,609 - glyphmind.search - INFO - Search executed | {"query": "innovation", "source": "google,youtube,reddit", "results_count": 5, "execution_time_ms": 794.78, "timestamp": "2025-08-13T12:46:00.609278"}
2025-08-13 12:46:00,913 - glyphmind.search - INFO - Search executed | {"query": "global developments", "source": "google,youtube,reddit", "results_count": 5, "execution_time_ms": 1146.55, "timestamp": "2025-08-13T12:46:00.913115"}
2025-08-13 12:46:01,609 - glyphmind.search - INFO - Search executed | {"query": "AI news", "source": "google,youtube,reddit", "results_count": 5, "execution_time_ms": 1032.2, "timestamp": "2025-08-13T12:46:01.609598"}
2025-08-13 12:46:02,493 - glyphmind.search - INFO - Search executed | {"query": "new frameworks", "source": "google,youtube,reddit", "results_count": 5, "execution_time_ms": 857.54, "timestamp": "2025-08-13T12:46:02.493043"}
2025-08-13 12:46:02,534 - glyphmind.search - INFO - Search executed | {"query": "startups", "source": "google,youtube,reddit", "results_count": 5, "execution_time_ms": 850.98, "timestamp": "2025-08-13T12:46:02.534642"}
2025-08-13 12:49:17,522 - glyphmind.search - INFO - Search executed | {"query": "artificial intelligence", "source": "google,youtube,reddit", "results_count": 5, "execution_time_ms": 536.79, "timestamp": "2025-08-13T12:49:17.522262"}
2025-08-13 12:49:18,449 - glyphmind.search - INFO - Search executed | {"query": "world news", "source": "google,youtube,reddit", "results_count": 5, "execution_time_ms": 1464.25, "timestamp": "2025-08-13T12:49:18.449912"}
2025-08-13 12:49:18,716 - glyphmind.search - INFO - Search executed | {"query": "programming languages", "source": "google,youtube,reddit", "results_count": 5, "execution_time_ms": 1731.33, "timestamp": "2025-08-13T12:49:18.716896"}
2025-08-13 12:49:18,719 - glyphmind.search - INFO - Search executed | {"query": "technology trends", "source": "google,youtube,reddit", "results_count": 5, "execution_time_ms": 1734.21, "timestamp": "2025-08-13T12:49:18.719828"}
2025-08-13 12:49:20,236 - glyphmind.search - INFO - Search executed | {"query": "machine learning", "source": "google,youtube,reddit", "results_count": 5, "execution_time_ms": 1666.29, "timestamp": "2025-08-13T12:49:20.236568"}
2025-08-13 12:49:20,503 - glyphmind.search - INFO - Search executed | {"query": "software development", "source": "google,youtube,reddit", "results_count": 5, "execution_time_ms": 707.26, "timestamp": "2025-08-13T12:49:20.503322"}
2025-08-13 12:49:20,737 - glyphmind.search - INFO - Search executed | {"query": "tech news", "source": "google,youtube,reddit", "results_count": 5, "execution_time_ms": 953.73, "timestamp": "2025-08-13T12:49:20.737436"}
2025-08-13 12:49:21,235 - glyphmind.search - INFO - Search executed | {"query": "current events", "source": "google,youtube,reddit", "results_count": 5, "execution_time_ms": 1734.92, "timestamp": "2025-08-13T12:49:21.234991"}
2025-08-13 12:49:21,996 - glyphmind.search - INFO - Search executed | {"query": "neural networks", "source": "google,youtube,reddit", "results_count": 5, "execution_time_ms": 719.01, "timestamp": "2025-08-13T12:49:21.996073"}
2025-08-13 12:49:22,792 - glyphmind.search - INFO - Search executed | {"query": "innovation", "source": "google,youtube,reddit", "results_count": 5, "execution_time_ms": 1001.9, "timestamp": "2025-08-13T12:49:22.792092"}
2025-08-13 12:49:22,886 - glyphmind.search - INFO - Search executed | {"query": "coding best practices", "source": "google,youtube,reddit", "results_count": 5, "execution_time_ms": 1328.61, "timestamp": "2025-08-13T12:49:22.885998"}
2025-08-13 12:49:23,802 - glyphmind.search - INFO - Search executed | {"query": "AI news", "source": "google,youtube,reddit", "results_count": 5, "execution_time_ms": 744.89, "timestamp": "2025-08-13T12:49:23.802803"}
2025-08-13 12:49:24,058 - glyphmind.search - INFO - Search executed | {"query": "global developments", "source": "google,youtube,reddit", "results_count": 5, "execution_time_ms": 1775.37, "timestamp": "2025-08-13T12:49:24.058587"}
2025-08-13 12:49:24,765 - glyphmind.search - INFO - Search executed | {"query": "new frameworks", "source": "google,youtube,reddit", "results_count": 5, "execution_time_ms": 825.24, "timestamp": "2025-08-13T12:49:24.765847"}
2025-08-13 12:49:25,026 - glyphmind.search - INFO - Search executed | {"query": "startups", "source": "google,youtube,reddit", "results_count": 5, "execution_time_ms": 1193.53, "timestamp": "2025-08-13T12:49:25.026630"}
2025-08-13 12:49:30,890 - glyphmind.search - INFO - Search executed | {"query": "artificial intelligence", "source": "google,youtube,reddit", "results_count": 5, "execution_time_ms": 510.56, "timestamp": "2025-08-13T12:49:30.890638"}
2025-08-13 12:49:31,924 - glyphmind.search - INFO - Search executed | {"query": "world news", "source": "google,youtube,reddit", "results_count": 5, "execution_time_ms": 1544.32, "timestamp": "2025-08-13T12:49:31.924636"}
2025-08-13 12:49:32,144 - glyphmind.search - INFO - Search executed | {"query": "technology trends", "source": "google,youtube,reddit", "results_count": 5, "execution_time_ms": 1764.11, "timestamp": "2025-08-13T12:49:32.144377"}
2025-08-13 12:49:32,187 - glyphmind.search - INFO - Search executed | {"query": "programming languages", "source": "google,youtube,reddit", "results_count": 5, "execution_time_ms": 1807.01, "timestamp": "2025-08-13T12:49:32.187198"}
2025-08-13 12:49:33,150 - glyphmind.search - INFO - Search executed | {"query": "machine learning", "source": "google,youtube,reddit", "results_count": 5, "execution_time_ms": 1210.86, "timestamp": "2025-08-13T12:49:33.150424"}
2025-08-13 12:49:33,933 - glyphmind.search - INFO - Search executed | {"query": "software development", "source": "google,youtube,reddit", "results_count": 5, "execution_time_ms": 701.45, "timestamp": "2025-08-13T12:49:33.933017"}
2025-08-13 12:49:34,211 - glyphmind.search - INFO - Search executed | {"query": "current events", "source": "google,youtube,reddit", "results_count": 5, "execution_time_ms": 1236.15, "timestamp": "2025-08-13T12:49:34.211816"}
2025-08-13 12:49:34,216 - glyphmind.search - INFO - Search executed | {"query": "tech news", "source": "google,youtube,reddit", "results_count": 5, "execution_time_ms": 1027.36, "timestamp": "2025-08-13T12:49:34.216305"}
2025-08-13 12:49:34,894 - glyphmind.search - INFO - Search executed | {"query": "neural networks", "source": "google,youtube,reddit", "results_count": 5, "execution_time_ms": 711.73, "timestamp": "2025-08-13T12:49:34.894166"}
2025-08-13 12:49:36,018 - glyphmind.search - INFO - Search executed | {"query": "coding best practices", "source": "google,youtube,reddit", "results_count": 5, "execution_time_ms": 1028.68, "timestamp": "2025-08-13T12:49:36.018802"}
2025-08-13 12:49:36,019 - glyphmind.search - INFO - Search executed | {"query": "innovation", "source": "google,youtube,reddit", "results_count": 5, "execution_time_ms": 703.84, "timestamp": "2025-08-13T12:49:36.019403"}
2025-08-13 12:49:36,170 - glyphmind.search - INFO - Search executed | {"query": "global developments", "source": "google,youtube,reddit", "results_count": 5, "execution_time_ms": 871.55, "timestamp": "2025-08-13T12:49:36.170434"}
2025-08-13 12:49:36,944 - glyphmind.search - INFO - Search executed | {"query": "AI news", "source": "google,youtube,reddit", "results_count": 5, "execution_time_ms": 1003.54, "timestamp": "2025-08-13T12:49:36.944858"}
2025-08-13 12:49:37,941 - glyphmind.search - INFO - Search executed | {"query": "startups", "source": "google,youtube,reddit", "results_count": 5, "execution_time_ms": 876.76, "timestamp": "2025-08-13T12:49:37.941894"}
2025-08-13 12:49:37,954 - glyphmind.search - INFO - Search executed | {"query": "new frameworks", "source": "google,youtube,reddit", "results_count": 5, "execution_time_ms": 848.38, "timestamp": "2025-08-13T12:49:37.954688"}
2025-08-13 12:49:59,588 - glyphmind.search - INFO - Search executed | {"query": "artificial intelligence", "source": "google,youtube,reddit", "results_count": 5, "execution_time_ms": 522.71, "timestamp": "2025-08-13T12:49:59.588224"}
2025-08-13 12:50:00,530 - glyphmind.search - INFO - Search executed | {"query": "world news", "source": "google,youtube,reddit", "results_count": 5, "execution_time_ms": 1464.74, "timestamp": "2025-08-13T12:50:00.530459"}
2025-08-13 12:50:00,825 - glyphmind.search - INFO - Search executed | {"query": "technology trends", "source": "google,youtube,reddit", "results_count": 5, "execution_time_ms": 1759.94, "timestamp": "2025-08-13T12:50:00.825620"}
2025-08-13 12:50:00,828 - glyphmind.search - INFO - Search executed | {"query": "programming languages", "source": "google,youtube,reddit", "results_count": 5, "execution_time_ms": 1763.09, "timestamp": "2025-08-13T12:50:00.828712"}
2025-08-13 12:50:01,848 - glyphmind.search - INFO - Search executed | {"query": "machine learning", "source": "google,youtube,reddit", "results_count": 5, "execution_time_ms": 1174.7, "timestamp": "2025-08-13T12:50:01.848410"}
2025-08-13 12:50:02,586 - glyphmind.search - INFO - Search executed | {"query": "tech news", "source": "google,youtube,reddit", "results_count": 5, "execution_time_ms": 662.12, "timestamp": "2025-08-13T12:50:02.586894"}
2025-08-13 12:50:02,601 - glyphmind.search - INFO - Search executed | {"query": "software development", "source": "google,youtube,reddit", "results_count": 5, "execution_time_ms": 676.28, "timestamp": "2025-08-13T12:50:02.601093"}
2025-08-13 12:50:02,824 - glyphmind.search - INFO - Search executed | {"query": "current events", "source": "google,youtube,reddit", "results_count": 5, "execution_time_ms": 1237.68, "timestamp": "2025-08-13T12:50:02.824491"}
2025-08-13 12:50:03,589 - glyphmind.search - INFO - Search executed | {"query": "neural networks", "source": "google,youtube,reddit", "results_count": 5, "execution_time_ms": 682.71, "timestamp": "2025-08-13T12:50:03.589853"}
2025-08-13 12:50:04,589 - glyphmind.search - INFO - Search executed | {"query": "coding best practices", "source": "google,youtube,reddit", "results_count": 5, "execution_time_ms": 943.2, "timestamp": "2025-08-13T12:50:04.589598"}
2025-08-13 12:50:04,626 - glyphmind.search - INFO - Search executed | {"query": "innovation", "source": "google,youtube,reddit", "results_count": 5, "execution_time_ms": 945.18, "timestamp": "2025-08-13T12:50:04.626115"}
2025-08-13 12:50:04,845 - glyphmind.search - INFO - Search executed | {"query": "global developments", "source": "google,youtube,reddit", "results_count": 5, "execution_time_ms": 964.03, "timestamp": "2025-08-13T12:50:04.845367"}
2025-08-13 12:50:05,618 - glyphmind.search - INFO - Search executed | {"query": "AI news", "source": "google,youtube,reddit", "results_count": 5, "execution_time_ms": 995.91, "timestamp": "2025-08-13T12:50:05.618519"}
2025-08-13 12:50:06,570 - glyphmind.search - INFO - Search executed | {"query": "new frameworks", "source": "google,youtube,reddit", "results_count": 5, "execution_time_ms": 935.3, "timestamp": "2025-08-13T12:50:06.570961"}
2025-08-13 12:50:06,596 - glyphmind.search - INFO - Search executed | {"query": "startups", "source": "google,youtube,reddit", "results_count": 5, "execution_time_ms": 907.39, "timestamp": "2025-08-13T12:50:06.596119"}
2025-08-13 12:50:14,706 - glyphmind.search - INFO - Search executed | {"query": "artificial intelligence", "source": "google,youtube,reddit", "results_count": 5, "execution_time_ms": 517.34, "timestamp": "2025-08-13T12:50:14.706267"}
2025-08-13 12:50:15,659 - glyphmind.search - INFO - Search executed | {"query": "world news", "source": "google,youtube,reddit", "results_count": 5, "execution_time_ms": 1470.21, "timestamp": "2025-08-13T12:50:15.659341"}
2025-08-13 12:50:15,920 - glyphmind.search - INFO - Search executed | {"query": "programming languages", "source": "google,youtube,reddit", "results_count": 5, "execution_time_ms": 1731.03, "timestamp": "2025-08-13T12:50:15.920055"}
2025-08-13 12:50:15,922 - glyphmind.search - INFO - Search executed | {"query": "technology trends", "source": "google,youtube,reddit", "results_count": 5, "execution_time_ms": 1733.54, "timestamp": "2025-08-13T12:50:15.922615"}
2025-08-13 12:50:17,016 - glyphmind.search - INFO - Search executed | {"query": "machine learning", "source": "google,youtube,reddit", "results_count": 5, "execution_time_ms": 1250.78, "timestamp": "2025-08-13T12:50:17.016838"}
2025-08-13 12:50:17,704 - glyphmind.search - INFO - Search executed | {"query": "software development", "source": "google,youtube,reddit", "results_count": 5, "execution_time_ms": 680.7, "timestamp": "2025-08-13T12:50:17.704669"}
2025-08-13 12:50:17,900 - glyphmind.search - INFO - Search executed | {"query": "tech news", "source": "google,youtube,reddit", "results_count": 5, "execution_time_ms": 904.17, "timestamp": "2025-08-13T12:50:17.900401"}
2025-08-13 12:50:17,902 - glyphmind.search - INFO - Search executed | {"query": "current events", "source": "google,youtube,reddit", "results_count": 5, "execution_time_ms": 1183.78, "timestamp": "2025-08-13T12:50:17.902091"}
2025-08-13 12:50:18,736 - glyphmind.search - INFO - Search executed | {"query": "neural networks", "source": "google,youtube,reddit", "results_count": 5, "execution_time_ms": 672.52, "timestamp": "2025-08-13T12:50:18.736666"}
2025-08-13 12:50:19,678 - glyphmind.search - INFO - Search executed | {"query": "coding best practices", "source": "google,youtube,reddit", "results_count": 5, "execution_time_ms": 930.1, "timestamp": "2025-08-13T12:50:19.678097"}
2025-08-13 12:50:19,694 - glyphmind.search - INFO - Search executed | {"query": "innovation", "source": "google,youtube,reddit", "results_count": 5, "execution_time_ms": 706.0, "timestamp": "2025-08-13T12:50:19.694445"}
2025-08-13 12:50:19,965 - glyphmind.search - INFO - Search executed | {"query": "global developments", "source": "google,youtube,reddit", "results_count": 5, "execution_time_ms": 992.26, "timestamp": "2025-08-13T12:50:19.965303"}
2025-08-13 12:50:20,733 - glyphmind.search - INFO - Search executed | {"query": "AI news", "source": "google,youtube,reddit", "results_count": 5, "execution_time_ms": 945.12, "timestamp": "2025-08-13T12:50:20.733418"}
2025-08-13 12:50:21,696 - glyphmind.search - INFO - Search executed | {"query": "new frameworks", "source": "google,youtube,reddit", "results_count": 5, "execution_time_ms": 964.78, "timestamp": "2025-08-13T12:50:21.695987"}
2025-08-13 12:50:21,777 - glyphmind.search - INFO - Search executed | {"query": "startups", "source": "google,youtube,reddit", "results_count": 5, "execution_time_ms": 1012.35, "timestamp": "2025-08-13T12:50:21.777715"}
2025-08-13 12:50:23,977 - glyphmind.search - INFO - Search executed | {"query": "artificial intelligence", "source": "google,youtube,reddit", "results_count": 5, "execution_time_ms": 524.38, "timestamp": "2025-08-13T12:50:23.977152"}
2025-08-13 12:50:24,958 - glyphmind.search - INFO - Search executed | {"query": "world news", "source": "google,youtube,reddit", "results_count": 5, "execution_time_ms": 1505.47, "timestamp": "2025-08-13T12:50:24.958464"}
2025-08-13 12:50:25,170 - glyphmind.search - INFO - Search executed | {"query": "technology trends", "source": "google,youtube,reddit", "results_count": 5, "execution_time_ms": 1717.59, "timestamp": "2025-08-13T12:50:25.170528"}
2025-08-13 12:50:25,207 - glyphmind.search - INFO - Search executed | {"query": "programming languages", "source": "google,youtube,reddit", "results_count": 5, "execution_time_ms": 1754.63, "timestamp": "2025-08-13T12:50:25.207511"}
2025-08-13 12:50:26,227 - glyphmind.search - INFO - Search executed | {"query": "machine learning", "source": "google,youtube,reddit", "results_count": 5, "execution_time_ms": 1198.82, "timestamp": "2025-08-13T12:50:26.227462"}
2025-08-13 12:50:27,166 - glyphmind.search - INFO - Search executed | {"query": "software development", "source": "google,youtube,reddit", "results_count": 5, "execution_time_ms": 919.86, "timestamp": "2025-08-13T12:50:27.166301"}
2025-08-13 12:50:27,184 - glyphmind.search - INFO - Search executed | {"query": "tech news", "source": "google,youtube,reddit", "results_count": 5, "execution_time_ms": 972.86, "timestamp": "2025-08-13T12:50:27.184205"}
2025-08-13 12:50:27,195 - glyphmind.search - INFO - Search executed | {"query": "current events", "source": "google,youtube,reddit", "results_count": 5, "execution_time_ms": 1195.08, "timestamp": "2025-08-13T12:50:27.195496"}
2025-08-13 12:50:27,982 - glyphmind.search - INFO - Search executed | {"query": "neural networks", "source": "google,youtube,reddit", "results_count": 5, "execution_time_ms": 722.46, "timestamp": "2025-08-13T12:50:27.982373"}
2025-08-13 12:50:29,016 - glyphmind.search - INFO - Search executed | {"query": "coding best practices", "source": "google,youtube,reddit", "results_count": 5, "execution_time_ms": 740.03, "timestamp": "2025-08-13T12:50:29.016691"}
2025-08-13 12:50:29,093 - glyphmind.search - INFO - Search executed | {"query": "innovation", "source": "google,youtube,reddit", "results_count": 5, "execution_time_ms": 854.0, "timestamp": "2025-08-13T12:50:29.093440"}
2025-08-13 12:50:29,297 - glyphmind.search - INFO - Search executed | {"query": "global developments", "source": "google,youtube,reddit", "results_count": 5, "execution_time_ms": 1005.41, "timestamp": "2025-08-13T12:50:29.297132"}
2025-08-13 12:50:30,082 - glyphmind.search - INFO - Search executed | {"query": "AI news", "source": "google,youtube,reddit", "results_count": 5, "execution_time_ms": 1053.38, "timestamp": "2025-08-13T12:50:30.082202"}
2025-08-13 12:50:31,076 - glyphmind.search - INFO - Search executed | {"query": "new frameworks", "source": "google,youtube,reddit", "results_count": 5, "execution_time_ms": 1014.04, "timestamp": "2025-08-13T12:50:31.076233"}
2025-08-13 12:50:31,149 - glyphmind.search - INFO - Search executed | {"query": "startups", "source": "google,youtube,reddit", "results_count": 5, "execution_time_ms": 986.76, "timestamp": "2025-08-13T12:50:31.149005"}
2025-08-13 12:50:35,654 - glyphmind.search - INFO - Search executed | {"query": "artificial intelligence", "source": "google,youtube,reddit", "results_count": 5, "execution_time_ms": 613.68, "timestamp": "2025-08-13T12:50:35.654070"}
2025-08-13 12:50:36,468 - glyphmind.search - INFO - Search executed | {"query": "world news", "source": "google,youtube,reddit", "results_count": 5, "execution_time_ms": 1428.08, "timestamp": "2025-08-13T12:50:36.468658"}
2025-08-13 12:50:36,774 - glyphmind.search - INFO - Search executed | {"query": "technology trends", "source": "google,youtube,reddit", "results_count": 5, "execution_time_ms": 1734.03, "timestamp": "2025-08-13T12:50:36.774552"}
2025-08-13 12:50:36,784 - glyphmind.search - INFO - Search executed | {"query": "programming languages", "source": "google,youtube,reddit", "results_count": 5, "execution_time_ms": 1744.06, "timestamp": "2025-08-13T12:50:36.784530"}
2025-08-13 12:50:37,857 - glyphmind.search - INFO - Search executed | {"query": "machine learning", "source": "google,youtube,reddit", "results_count": 5, "execution_time_ms": 1150.72, "timestamp": "2025-08-13T12:50:37.857965"}
2025-08-13 12:50:38,549 - glyphmind.search - INFO - Search executed | {"query": "software development", "source": "google,youtube,reddit", "results_count": 5, "execution_time_ms": 689.17, "timestamp": "2025-08-13T12:50:38.549755"}
2025-08-13 12:50:38,787 - glyphmind.search - INFO - Search executed | {"query": "tech news", "source": "google,youtube,reddit", "results_count": 5, "execution_time_ms": 960.41, "timestamp": "2025-08-13T12:50:38.787605"}
2025-08-13 12:50:39,108 - glyphmind.search - INFO - Search executed | {"query": "current events", "source": "google,youtube,reddit", "results_count": 5, "execution_time_ms": 1592.72, "timestamp": "2025-08-13T12:50:39.108243"}
2025-08-13 12:50:39,510 - glyphmind.search - INFO - Search executed | {"query": "neural networks", "source": "google,youtube,reddit", "results_count": 5, "execution_time_ms": 608.0, "timestamp": "2025-08-13T12:50:39.510926"}
2025-08-13 12:50:40,495 - glyphmind.search - INFO - Search executed | {"query": "coding best practices", "source": "google,youtube,reddit", "results_count": 5, "execution_time_ms": 903.91, "timestamp": "2025-08-13T12:50:40.495347"}
2025-08-13 12:50:40,504 - glyphmind.search - INFO - Search executed | {"query": "innovation", "source": "google,youtube,reddit", "results_count": 5, "execution_time_ms": 666.75, "timestamp": "2025-08-13T12:50:40.504820"}
2025-08-13 12:50:41,577 - glyphmind.search - INFO - Search executed | {"query": "AI news", "source": "google,youtube,reddit", "results_count": 5, "execution_time_ms": 1019.58, "timestamp": "2025-08-13T12:50:41.577111"}
2025-08-13 12:50:41,835 - glyphmind.search - INFO - Search executed | {"query": "global developments", "source": "google,youtube,reddit", "results_count": 5, "execution_time_ms": 1679.0, "timestamp": "2025-08-13T12:50:41.835163"}
2025-08-13 12:50:42,583 - glyphmind.search - INFO - Search executed | {"query": "new frameworks", "source": "google,youtube,reddit", "results_count": 5, "execution_time_ms": 1008.5, "timestamp": "2025-08-13T12:50:42.583429"}
2025-08-13 12:50:42,692 - glyphmind.search - INFO - Search executed | {"query": "startups", "source": "google,youtube,reddit", "results_count": 5, "execution_time_ms": 1095.25, "timestamp": "2025-08-13T12:50:42.692630"}
2025-08-13 12:50:45,736 - glyphmind.search - INFO - Search executed | {"query": "artificial intelligence", "source": "google,youtube,reddit", "results_count": 5, "execution_time_ms": 551.45, "timestamp": "2025-08-13T12:50:45.736418"}
2025-08-13 12:50:46,705 - glyphmind.search - INFO - Search executed | {"query": "world news", "source": "google,youtube,reddit", "results_count": 5, "execution_time_ms": 1520.16, "timestamp": "2025-08-13T12:50:46.705302"}
2025-08-13 12:50:46,902 - glyphmind.search - INFO - Search executed | {"query": "technology trends", "source": "google,youtube,reddit", "results_count": 5, "execution_time_ms": 1717.01, "timestamp": "2025-08-13T12:50:46.902107"}
2025-08-13 12:50:46,928 - glyphmind.search - INFO - Search executed | {"query": "programming languages", "source": "google,youtube,reddit", "results_count": 5, "execution_time_ms": 1743.87, "timestamp": "2025-08-13T12:50:46.928920"}
2025-08-13 12:50:47,920 - glyphmind.search - INFO - Search executed | {"query": "machine learning", "source": "google,youtube,reddit", "results_count": 5, "execution_time_ms": 1130.89, "timestamp": "2025-08-13T12:50:47.920316"}
2025-08-13 12:50:48,912 - glyphmind.search - INFO - Search executed | {"query": "tech news", "source": "google,youtube,reddit", "results_count": 5, "execution_time_ms": 935.23, "timestamp": "2025-08-13T12:50:48.912150"}
2025-08-13 12:50:48,940 - glyphmind.search - INFO - Search executed | {"query": "current events", "source": "google,youtube,reddit", "results_count": 5, "execution_time_ms": 1171.34, "timestamp": "2025-08-13T12:50:48.940107"}
2025-08-13 12:50:49,179 - glyphmind.search - INFO - Search executed | {"query": "software development", "source": "google,youtube,reddit", "results_count": 5, "execution_time_ms": 1187.59, "timestamp": "2025-08-13T12:50:49.179832"}
2025-08-13 12:50:50,272 - glyphmind.search - INFO - Search executed | {"query": "neural networks", "source": "google,youtube,reddit", "results_count": 5, "execution_time_ms": 1306.18, "timestamp": "2025-08-13T12:50:50.272493"}
2025-08-13 12:50:50,717 - glyphmind.search - INFO - Search executed | {"query": "innovation", "source": "google,youtube,reddit", "results_count": 5, "execution_time_ms": 745.16, "timestamp": "2025-08-13T12:50:50.717036"}
2025-08-13 12:50:50,978 - glyphmind.search - INFO - Search executed | {"query": "global developments", "source": "google,youtube,reddit", "results_count": 5, "execution_time_ms": 961.64, "timestamp": "2025-08-13T12:50:50.978614"}
2025-08-13 12:50:51,812 - glyphmind.search - INFO - Search executed | {"query": "coding best practices", "source": "google,youtube,reddit", "results_count": 5, "execution_time_ms": 1577.45, "timestamp": "2025-08-13T12:50:51.812727"}
2025-08-13 12:50:52,705 - glyphmind.search - INFO - Search executed | {"query": "startups", "source": "google,youtube,reddit", "results_count": 5, "execution_time_ms": 942.77, "timestamp": "2025-08-13T12:50:52.705895"}
2025-08-13 12:50:52,733 - glyphmind.search - INFO - Search executed | {"query": "AI news", "source": "google,youtube,reddit", "results_count": 5, "execution_time_ms": 1428.29, "timestamp": "2025-08-13T12:50:52.733222"}
2025-08-13 12:50:53,728 - glyphmind.search - INFO - Search executed | {"query": "new frameworks", "source": "google,youtube,reddit", "results_count": 5, "execution_time_ms": 856.37, "timestamp": "2025-08-13T12:50:53.728251"}
2025-08-13 12:50:59,332 - glyphmind.search - INFO - Search executed | {"query": "artificial intelligence", "source": "google,youtube,reddit", "results_count": 5, "execution_time_ms": 552.23, "timestamp": "2025-08-13T12:50:59.332105"}
2025-08-13 12:51:00,520 - glyphmind.search - INFO - Search executed | {"query": "world news", "source": "google,youtube,reddit", "results_count": 5, "execution_time_ms": 1740.67, "timestamp": "2025-08-13T12:51:00.520772"}
2025-08-13 12:51:00,540 - glyphmind.search - INFO - Search executed | {"query": "technology trends", "source": "google,youtube,reddit", "results_count": 5, "execution_time_ms": 1759.96, "timestamp": "2025-08-13T12:51:00.540022"}
2025-08-13 12:51:00,596 - glyphmind.search - INFO - Search executed | {"query": "programming languages", "source": "google,youtube,reddit", "results_count": 5, "execution_time_ms": 1816.01, "timestamp": "2025-08-13T12:51:00.596004"}
2025-08-13 12:51:01,571 - glyphmind.search - INFO - Search executed | {"query": "machine learning", "source": "google,youtube,reddit", "results_count": 5, "execution_time_ms": 1180.98, "timestamp": "2025-08-13T12:51:01.571865"}
2025-08-13 12:51:02,342 - glyphmind.search - INFO - Search executed | {"query": "tech news", "source": "google,youtube,reddit", "results_count": 5, "execution_time_ms": 695.7, "timestamp": "2025-08-13T12:51:02.342708"}
2025-08-13 12:51:02,345 - glyphmind.search - INFO - Search executed | {"query": "software development", "source": "google,youtube,reddit", "results_count": 5, "execution_time_ms": 704.39, "timestamp": "2025-08-13T12:51:02.345062"}
2025-08-13 12:51:02,578 - glyphmind.search - INFO - Search executed | {"query": "current events", "source": "google,youtube,reddit", "results_count": 5, "execution_time_ms": 907.06, "timestamp": "2025-08-13T12:51:02.578199"}
2025-08-13 12:51:03,298 - glyphmind.search - INFO - Search executed | {"query": "neural networks", "source": "google,youtube,reddit", "results_count": 5, "execution_time_ms": 692.01, "timestamp": "2025-08-13T12:51:03.298541"}
2025-08-13 12:51:04,408 - glyphmind.search - INFO - Search executed | {"query": "innovation", "source": "google,youtube,reddit", "results_count": 5, "execution_time_ms": 960.89, "timestamp": "2025-08-13T12:51:04.408031"}
2025-08-13 12:51:04,409 - glyphmind.search - INFO - Search executed | {"query": "coding best practices", "source": "google,youtube,reddit", "results_count": 5, "execution_time_ms": 1006.08, "timestamp": "2025-08-13T12:51:04.409578"}
2025-08-13 12:51:04,640 - glyphmind.search - INFO - Search executed | {"query": "global developments", "source": "google,youtube,reddit", "results_count": 5, "execution_time_ms": 1019.77, "timestamp": "2025-08-13T12:51:04.640924"}
2025-08-13 12:51:05,314 - glyphmind.search - INFO - Search executed | {"query": "AI news", "source": "google,youtube,reddit", "results_count": 5, "execution_time_ms": 967.99, "timestamp": "2025-08-13T12:51:05.314880"}
2025-08-13 12:51:06,985 - glyphmind.search - INFO - Search executed | {"query": "artificial intelligence", "source": "google,youtube,reddit", "results_count": 5, "execution_time_ms": 543.77, "timestamp": "2025-08-13T12:51:06.985290"}
2025-08-13 12:51:07,957 - glyphmind.search - INFO - Search executed | {"query": "world news", "source": "google,youtube,reddit", "results_count": 5, "execution_time_ms": 1516.19, "timestamp": "2025-08-13T12:51:07.957881"}
2025-08-13 12:51:08,188 - glyphmind.search - INFO - Search executed | {"query": "technology trends", "source": "google,youtube,reddit", "results_count": 5, "execution_time_ms": 1746.72, "timestamp": "2025-08-13T12:51:08.188371"}
2025-08-13 12:51:08,280 - glyphmind.search - INFO - Search executed | {"query": "programming languages", "source": "google,youtube,reddit", "results_count": 5, "execution_time_ms": 1838.91, "timestamp": "2025-08-13T12:51:08.280517"}
2025-08-13 12:51:09,199 - glyphmind.search - INFO - Search executed | {"query": "machine learning", "source": "google,youtube,reddit", "results_count": 5, "execution_time_ms": 1163.62, "timestamp": "2025-08-13T12:51:09.199885"}
2025-08-13 12:51:09,979 - glyphmind.search - INFO - Search executed | {"query": "software development", "source": "google,youtube,reddit", "results_count": 5, "execution_time_ms": 653.9, "timestamp": "2025-08-13T12:51:09.979934"}
2025-08-13 12:51:10,204 - glyphmind.search - INFO - Search executed | {"query": "tech news", "source": "google,youtube,reddit", "results_count": 5, "execution_time_ms": 964.42, "timestamp": "2025-08-13T12:51:10.204863"}
2025-08-13 12:51:10,205 - glyphmind.search - INFO - Search executed | {"query": "current events", "source": "google,youtube,reddit", "results_count": 5, "execution_time_ms": 1182.18, "timestamp": "2025-08-13T12:51:10.205778"}
2025-08-13 12:51:10,948 - glyphmind.search - INFO - Search executed | {"query": "neural networks", "source": "google,youtube,reddit", "results_count": 5, "execution_time_ms": 707.43, "timestamp": "2025-08-13T12:51:10.948944"}
2025-08-13 12:51:12,003 - glyphmind.search - INFO - Search executed | {"query": "coding best practices", "source": "google,youtube,reddit", "results_count": 5, "execution_time_ms": 964.96, "timestamp": "2025-08-13T12:51:12.003241"}
2025-08-13 12:51:12,003 - glyphmind.search - INFO - Search executed | {"query": "innovation", "source": "google,youtube,reddit", "results_count": 5, "execution_time_ms": 741.91, "timestamp": "2025-08-13T12:51:12.003914"}
2025-08-13 12:51:12,510 - glyphmind.search - INFO - Search executed | {"query": "global developments", "source": "google,youtube,reddit", "results_count": 5, "execution_time_ms": 1207.28, "timestamp": "2025-08-13T12:51:12.510003"}
2025-08-13 12:51:12,972 - glyphmind.search - INFO - Search executed | {"query": "AI news", "source": "google,youtube,reddit", "results_count": 5, "execution_time_ms": 975.64, "timestamp": "2025-08-13T12:51:12.972362"}
2025-08-13 12:51:15,297 - glyphmind.search - INFO - Search executed | {"query": "artificial intelligence", "source": "google,youtube,reddit", "results_count": 5, "execution_time_ms": 489.52, "timestamp": "2025-08-13T12:51:15.297524"}
2025-08-13 12:51:16,136 - glyphmind.search - INFO - Search executed | {"query": "programming languages", "source": "google,youtube,reddit", "results_count": 0, "execution_time_ms": 1328.13, "timestamp": "2025-08-13T12:51:16.136222"}
2025-08-13 12:51:16,160 - glyphmind.search - INFO - Search executed | {"query": "world news", "source": "google,youtube,reddit", "results_count": 0, "execution_time_ms": 1352.2, "timestamp": "2025-08-13T12:51:16.160383"}
2025-08-13 12:51:16,160 - glyphmind.search - INFO - Search executed | {"query": "technology trends", "source": "google,youtube,reddit", "results_count": 0, "execution_time_ms": 1352.39, "timestamp": "2025-08-13T12:51:16.160521"}
2025-08-13 12:51:17,157 - glyphmind.search - INFO - Search executed | {"query": "machine learning", "source": "google,youtube,reddit", "results_count": 0, "execution_time_ms": 819.15, "timestamp": "2025-08-13T12:51:17.157329"}
2025-08-13 12:51:18,248 - glyphmind.search - INFO - Search executed | {"query": "tech news", "source": "google,youtube,reddit", "results_count": 0, "execution_time_ms": 1072.14, "timestamp": "2025-08-13T12:51:18.248507"}
2025-08-13 12:51:18,248 - glyphmind.search - INFO - Search executed | {"query": "software development", "source": "google,youtube,reddit", "results_count": 0, "execution_time_ms": 1092.91, "timestamp": "2025-08-13T12:51:18.248664"}
2025-08-13 12:51:18,749 - glyphmind.search - INFO - Search executed | {"query": "current events", "source": "google,youtube,reddit", "results_count": 0, "execution_time_ms": 1573.53, "timestamp": "2025-08-13T12:51:18.749850"}
2025-08-13 12:51:19,174 - glyphmind.search - INFO - Search executed | {"query": "neural networks", "source": "google,youtube,reddit", "results_count": 0, "execution_time_ms": 1002.38, "timestamp": "2025-08-13T12:51:19.174168"}
2025-08-13 12:51:20,163 - glyphmind.search - INFO - Search executed | {"query": "coding best practices", "source": "google,youtube,reddit", "results_count": 0, "execution_time_ms": 901.36, "timestamp": "2025-08-13T12:51:20.163354"}
2025-08-13 12:51:20,174 - glyphmind.search - INFO - Search executed | {"query": "innovation", "source": "google,youtube,reddit", "results_count": 0, "execution_time_ms": 913.02, "timestamp": "2025-08-13T12:51:20.174963"}
2025-08-13 12:51:20,193 - glyphmind.search - INFO - Search executed | {"query": "global developments", "source": "google,youtube,reddit", "results_count": 0, "execution_time_ms": 437.97, "timestamp": "2025-08-13T12:51:20.193204"}
2025-08-13 12:51:21,198 - glyphmind.search - INFO - Search executed | {"query": "AI news", "source": "google,youtube,reddit", "results_count": 0, "execution_time_ms": 1024.06, "timestamp": "2025-08-13T12:51:21.198760"}
2025-08-13 12:51:22,206 - glyphmind.search - INFO - Search executed | {"query": "startups", "source": "google,youtube,reddit", "results_count": 0, "execution_time_ms": 1018.87, "timestamp": "2025-08-13T12:51:22.206410"}
2025-08-13 12:51:22,207 - glyphmind.search - INFO - Search executed | {"query": "new frameworks", "source": "google,youtube,reddit", "results_count": 0, "execution_time_ms": 1035.68, "timestamp": "2025-08-13T12:51:22.207587"}
2025-08-13 12:51:50,838 - glyphmind.search - INFO - Search executed | {"query": "artificial intelligence", "source": "google,youtube,reddit", "results_count": 0, "execution_time_ms": 899.71, "timestamp": "2025-08-13T12:51:50.838357"}
2025-08-13 12:51:51,348 - glyphmind.search - INFO - Search executed | {"query": "technology trends", "source": "google,youtube,reddit", "results_count": 0, "execution_time_ms": 1409.83, "timestamp": "2025-08-13T12:51:51.348600"}
2025-08-13 12:51:51,348 - glyphmind.search - INFO - Search executed | {"query": "programming languages", "source": "google,youtube,reddit", "results_count": 0, "execution_time_ms": 1410.01, "timestamp": "2025-08-13T12:51:51.348726"}
2025-08-13 12:51:51,509 - glyphmind.search - INFO - Search executed | {"query": "world news", "source": "google,youtube,reddit", "results_count": 0, "execution_time_ms": 1571.03, "timestamp": "2025-08-13T12:51:51.509841"}
2025-08-13 12:51:52,338 - glyphmind.search - INFO - Search executed | {"query": "machine learning", "source": "google,youtube,reddit", "results_count": 0, "execution_time_ms": 487.06, "timestamp": "2025-08-13T12:51:52.338694"}
2025-08-13 12:51:53,359 - glyphmind.search - INFO - Search executed | {"query": "current events", "source": "google,youtube,reddit", "results_count": 0, "execution_time_ms": 841.94, "timestamp": "2025-08-13T12:51:53.359208"}
2025-08-13 12:51:53,361 - glyphmind.search - INFO - Search executed | {"query": "tech news", "source": "google,youtube,reddit", "results_count": 0, "execution_time_ms": 999.76, "timestamp": "2025-08-13T12:51:53.361921"}
2025-08-13 12:51:53,362 - glyphmind.search - INFO - Search executed | {"query": "software development", "source": "google,youtube,reddit", "results_count": 0, "execution_time_ms": 999.82, "timestamp": "2025-08-13T12:51:53.362023"}
2025-08-13 12:51:54,367 - glyphmind.search - INFO - Search executed | {"query": "neural networks", "source": "google,youtube,reddit", "results_count": 0, "execution_time_ms": 1013.06, "timestamp": "2025-08-13T12:51:54.367520"}
2025-08-13 12:51:55,306 - glyphmind.search - INFO - Search executed | {"query": "coding best practices", "source": "google,youtube,reddit", "results_count": 0, "execution_time_ms": 939.85, "timestamp": "2025-08-13T12:51:55.306950"}
2025-08-13 12:51:55,307 - glyphmind.search - INFO - Search executed | {"query": "global developments", "source": "google,youtube,reddit", "results_count": 0, "execution_time_ms": 940.57, "timestamp": "2025-08-13T12:51:55.307617"}
2025-08-13 12:51:55,311 - glyphmind.search - INFO - Search executed | {"query": "innovation", "source": "google,youtube,reddit", "results_count": 0, "execution_time_ms": 944.76, "timestamp": "2025-08-13T12:51:55.311834"}
2025-08-13 12:51:56,425 - glyphmind.search - INFO - Search executed | {"query": "AI news", "source": "google,youtube,reddit", "results_count": 0, "execution_time_ms": 1048.99, "timestamp": "2025-08-13T12:51:56.425165"}
2025-08-13 12:51:57,324 - glyphmind.search - INFO - Search executed | {"query": "startups", "source": "google,youtube,reddit", "results_count": 0, "execution_time_ms": 1006.77, "timestamp": "2025-08-13T12:51:57.324466"}
2025-08-13 12:51:57,346 - glyphmind.search - INFO - Search executed | {"query": "new frameworks", "source": "google,youtube,reddit", "results_count": 0, "execution_time_ms": 1028.51, "timestamp": "2025-08-13T12:51:57.346024"}
2025-08-13 12:52:59,570 - glyphmind.search - INFO - Search executed | {"query": "artificial intelligence", "source": "google,youtube,reddit", "results_count": 0, "execution_time_ms": 462.67, "timestamp": "2025-08-13T12:52:59.569979"}
2025-08-13 12:53:00,472 - glyphmind.search - INFO - Search executed | {"query": "world news", "source": "google,youtube,reddit", "results_count": 0, "execution_time_ms": 1364.67, "timestamp": "2025-08-13T12:53:00.472160"}
2025-08-13 12:53:00,473 - glyphmind.search - INFO - Search executed | {"query": "programming languages", "source": "google,youtube,reddit", "results_count": 0, "execution_time_ms": 1365.85, "timestamp": "2025-08-13T12:53:00.473240"}
2025-08-13 12:53:00,495 - glyphmind.search - INFO - Search executed | {"query": "technology trends", "source": "google,youtube,reddit", "results_count": 0, "execution_time_ms": 1388.24, "timestamp": "2025-08-13T12:53:00.495683"}
2025-08-13 12:53:01,475 - glyphmind.search - INFO - Search executed | {"query": "machine learning", "source": "google,youtube,reddit", "results_count": 0, "execution_time_ms": 899.02, "timestamp": "2025-08-13T12:53:01.475343"}
2025-08-13 12:53:02,512 - glyphmind.search - INFO - Search executed | {"query": "current events", "source": "google,youtube,reddit", "results_count": 0, "execution_time_ms": 1037.04, "timestamp": "2025-08-13T12:53:02.512093"}
2025-08-13 12:53:02,610 - glyphmind.search - INFO - Search executed | {"query": "software development", "source": "google,youtube,reddit", "results_count": 0, "execution_time_ms": 1135.64, "timestamp": "2025-08-13T12:53:02.610727"}
2025-08-13 12:53:02,651 - glyphmind.search - INFO - Search executed | {"query": "tech news", "source": "google,youtube,reddit", "results_count": 0, "execution_time_ms": 1140.91, "timestamp": "2025-08-13T12:53:02.651578"}
2025-08-13 12:53:03,493 - glyphmind.search - INFO - Search executed | {"query": "neural networks", "source": "google,youtube,reddit", "results_count": 0, "execution_time_ms": 1003.66, "timestamp": "2025-08-13T12:53:03.493145"}
2025-08-13 12:53:04,488 - glyphmind.search - INFO - Search executed | {"query": "innovation", "source": "google,youtube,reddit", "results_count": 0, "execution_time_ms": 827.19, "timestamp": "2025-08-13T12:53:04.488624"}
2025-08-13 12:53:04,493 - glyphmind.search - INFO - Search executed | {"query": "global developments", "source": "google,youtube,reddit", "results_count": 0, "execution_time_ms": 962.83, "timestamp": "2025-08-13T12:53:04.493001"}
2025-08-13 12:53:04,497 - glyphmind.search - INFO - Search executed | {"query": "coding best practices", "source": "google,youtube,reddit", "results_count": 0, "execution_time_ms": 886.37, "timestamp": "2025-08-13T12:53:04.497434"}
2025-08-13 12:53:05,577 - glyphmind.search - INFO - Search executed | {"query": "AI news", "source": "google,youtube,reddit", "results_count": 0, "execution_time_ms": 1080.8, "timestamp": "2025-08-13T12:53:05.577732"}
2025-08-13 12:53:06,688 - glyphmind.search - INFO - Search executed | {"query": "new frameworks", "source": "google,youtube,reddit", "results_count": 0, "execution_time_ms": 1176.59, "timestamp": "2025-08-13T12:53:06.688724"}
2025-08-13 12:53:06,691 - glyphmind.search - INFO - Search executed | {"query": "startups", "source": "google,youtube,reddit", "results_count": 0, "execution_time_ms": 1194.65, "timestamp": "2025-08-13T12:53:06.691095"}
2025-08-13 12:53:17,417 - glyphmind.search - INFO - Search executed | {"query": "artificial intelligence", "source": "google,youtube,reddit", "results_count": 0, "execution_time_ms": 468.4, "timestamp": "2025-08-13T12:53:17.417930"}
2025-08-13 12:53:18,378 - glyphmind.search - INFO - Search executed | {"query": "programming languages", "source": "google,youtube,reddit", "results_count": 0, "execution_time_ms": 1428.93, "timestamp": "2025-08-13T12:53:18.378527"}
2025-08-13 12:53:18,378 - glyphmind.search - INFO - Search executed | {"query": "world news", "source": "google,youtube,reddit", "results_count": 0, "execution_time_ms": 1428.99, "timestamp": "2025-08-13T12:53:18.378663"}
2025-08-13 12:53:18,570 - glyphmind.search - INFO - Search executed | {"query": "technology trends", "source": "google,youtube,reddit", "results_count": 0, "execution_time_ms": 1621.0, "timestamp": "2025-08-13T12:53:18.570641"}
2025-08-13 12:53:19,375 - glyphmind.search - INFO - Search executed | {"query": "machine learning", "source": "google,youtube,reddit", "results_count": 0, "execution_time_ms": 948.88, "timestamp": "2025-08-13T12:53:19.375193"}
2025-08-13 12:53:20,309 - glyphmind.search - INFO - Search executed | {"query": "current events", "source": "google,youtube,reddit", "results_count": 0, "execution_time_ms": 918.13, "timestamp": "2025-08-13T12:53:20.309939"}
2025-08-13 12:53:20,310 - glyphmind.search - INFO - Search executed | {"query": "software development", "source": "google,youtube,reddit", "results_count": 0, "execution_time_ms": 918.76, "timestamp": "2025-08-13T12:53:20.310528"}
2025-08-13 12:53:20,315 - glyphmind.search - INFO - Search executed | {"query": "tech news", "source": "google,youtube,reddit", "results_count": 0, "execution_time_ms": 734.36, "timestamp": "2025-08-13T12:53:20.315449"}
2025-08-13 12:53:21,406 - glyphmind.search - INFO - Search executed | {"query": "neural networks", "source": "google,youtube,reddit", "results_count": 0, "execution_time_ms": 1030.06, "timestamp": "2025-08-13T12:53:21.406418"}
2025-08-13 12:53:22,419 - glyphmind.search - INFO - Search executed | {"query": "coding best practices", "source": "google,youtube,reddit", "results_count": 0, "execution_time_ms": 1107.8, "timestamp": "2025-08-13T12:53:22.419460"}
2025-08-13 12:53:22,598 - glyphmind.search - INFO - Search executed | {"query": "global developments", "source": "google,youtube,reddit", "results_count": 0, "execution_time_ms": 1287.07, "timestamp": "2025-08-13T12:53:22.598593"}
2025-08-13 12:53:22,873 - glyphmind.search - INFO - Search executed | {"query": "innovation", "source": "google,youtube,reddit", "results_count": 0, "execution_time_ms": 1543.97, "timestamp": "2025-08-13T12:53:22.873886"}
2025-08-13 12:53:23,406 - glyphmind.search - INFO - Search executed | {"query": "AI news", "source": "google,youtube,reddit", "results_count": 0, "execution_time_ms": 995.02, "timestamp": "2025-08-13T12:53:23.406385"}
2025-08-13 12:53:24,370 - glyphmind.search - INFO - Search executed | {"query": "startups", "source": "google,youtube,reddit", "results_count": 0, "execution_time_ms": 493.47, "timestamp": "2025-08-13T12:53:24.370838"}
2025-08-13 12:53:24,371 - glyphmind.search - INFO - Search executed | {"query": "new frameworks", "source": "google,youtube,reddit", "results_count": 0, "execution_time_ms": 941.25, "timestamp": "2025-08-13T12:53:24.371402"}
2025-08-13 12:53:49,447 - glyphmind.search - INFO - Search executed | {"query": "What are the latest AI developments?", "source": "reddit", "results_count": 0, "execution_time_ms": 450.65, "timestamp": "2025-08-13T12:53:49.447484"}
